<?xml version="1.0" encoding="UTF-8"?>
<testsuite xmlns:xsi="http://www.w3.org/2001/XMLSchema-instance" xsi:noNamespaceSchemaLocation="https://maven.apache.org/surefire/maven-surefire-plugin/xsd/surefire-test-report-3.0.xsd" version="3.0" name="TestSuite" time="7.132" tests="2" errors="0" skipped="0" failures="0">
  <properties>
[...]
</properties>
  <testcase name="getApiTestWithoutHeader" classname="com.qa.test.GETApiTest" time="5.253">
    <system-out><![CDATA[ResponseJSONfromAPI:{"per_page":6,"total":12,"data":[{"last_name":"Bluth","id":1,"avatar":"https://reqres.in/img/faces/1-image.jpg","first_name":"George","email":"george.bluth@reqres.in"},{"last_name":"Weaver","id":2,"avatar":"https://reqres.in/img/faces/2-image.jpg","first_name":"Janet","email":"janet.weaver@reqres.in"},{"last_name":"Wong","id":3,"avatar":"https://reqres.in/img/faces/3-image.jpg","first_name":"Emma","email":"emma.wong@reqres.in"},{"last_name":"Holt","id":4,"avatar":"https://reqres.in/img/faces/4-image.jpg","first_name":"Eve","email":"eve.holt@reqres.in"},{"last_name":"Morris","id":5,"avatar":"https://reqres.in/img/faces/5-image.jpg","first_name":"Charles","email":"charles.morris@reqres.in"},{"last_name":"Ramos","id":6,"avatar":"https://reqres.in/img/faces/6-image.jpg","first_name":"Tracey","email":"tracey.ramos@reqres.in"}],"page":1,"total_pages":2,"support":{"text":"To keep ReqRes free, contributions towards server costs are appreciated!","url":"https://reqres.in/#support-heading"}}
The values per page is 6
Bluth
Headers Array{Transfer-Encoding=chunked, Server=cloudflare, CF-RAY=6c54432bafa8857b-BOM, Connection=keep-alive, Date=Wed, 29 Dec 2021 16:04:07 GMT, via=1.1 vegur, access-control-allow-origin=*, CF-Cache-Status=HIT, Cache-Control=max-age=14400, NEL={"success_fraction":0,"report_to":"cf-nel","max_age":604800}, Report-To={"endpoints":[{"url":"https:\/\/a.nel.cloudflare.com\/report\/v3?s=%2BWtnaR3vAJ8%2B7FEn0q69uYickY%2BkaTZDSnbpVEcqGb0GoqQvjOddpGU1N%2FnbkXUHywIupk573AlxyeOezQaw5FlV8wZkrIC7i1zw7YXavEQmunA6y2JDOw8vjQc%3D"}],"group":"cf-nel","max_age":604800}, x-powered-by=Express, etag=W/"3e4-2RLXvr5wTg9YQ6aH95CkYoFNuO8", Vary=Accept-Encoding, alt-svc=h3=":443"; ma=86400, h3-29=":443"; ma=86400, h3-28=":443"; ma=86400, h3-27=":443"; ma=86400, Age=2479, Content-Type=application/json; charset=utf-8, Expect-CT=max-age=604800, report-uri="https://report-uri.cloudflare.com/cdn-cgi/beacon/expect-ct"}
]]></system-out>
    <system-err><![CDATA[SLF4J: Failed to load class "org.slf4j.impl.StaticLoggerBinder".
SLF4J: Defaulting to no-operation (NOP) logger implementation
SLF4J: See http://www.slf4j.org/codes.html#StaticLoggerBinder for further details.
]]></system-err>
  </testcase>
  <testcase name="getApiTestWithHeader" classname="com.qa.test.GETApiTest" time="0.214">
    <system-out><![CDATA[ResponseJSONfromAPI:{"per_page":6,"total":12,"data":[{"last_name":"Bluth","id":1,"avatar":"https://reqres.in/img/faces/1-image.jpg","first_name":"George","email":"george.bluth@reqres.in"},{"last_name":"Weaver","id":2,"avatar":"https://reqres.in/img/faces/2-image.jpg","first_name":"Janet","email":"janet.weaver@reqres.in"},{"last_name":"Wong","id":3,"avatar":"https://reqres.in/img/faces/3-image.jpg","first_name":"Emma","email":"emma.wong@reqres.in"},{"last_name":"Holt","id":4,"avatar":"https://reqres.in/img/faces/4-image.jpg","first_name":"Eve","email":"eve.holt@reqres.in"},{"last_name":"Morris","id":5,"avatar":"https://reqres.in/img/faces/5-image.jpg","first_name":"Charles","email":"charles.morris@reqres.in"},{"last_name":"Ramos","id":6,"avatar":"https://reqres.in/img/faces/6-image.jpg","first_name":"Tracey","email":"tracey.ramos@reqres.in"}],"page":1,"total_pages":2,"support":{"text":"To keep ReqRes free, contributions towards server costs are appreciated!","url":"https://reqres.in/#support-heading"}}
The values per page is 6
Bluth
Headers Array{Transfer-Encoding=chunked, Server=cloudflare, CF-RAY=6c54432d1fe931b1-BOM, Connection=keep-alive, Date=Wed, 29 Dec 2021 16:04:07 GMT, via=1.1 vegur, access-control-allow-origin=*, CF-Cache-Status=HIT, Cache-Control=max-age=14400, NEL={"success_fraction":0,"report_to":"cf-nel","max_age":604800}, Report-To={"endpoints":[{"url":"https:\/\/a.nel.cloudflare.com\/report\/v3?s=r2WfbkSp0fwri%2B8LCHl08UTEEPL%2F7VanpT24Mnw4quMNBuJV3oh5e0zD3ujgI%2B%2B3sHk5AwA0ien%2Fr5Imwaz4P5gbyYUaJ86vy35eCVYevRk98ryRflBRZm%2FG%2Fck%3D"}],"group":"cf-nel","max_age":604800}, x-powered-by=Express, etag=W/"3e4-2RLXvr5wTg9YQ6aH95CkYoFNuO8", Vary=Accept-Encoding, alt-svc=h3=":443"; ma=86400, h3-29=":443"; ma=86400, h3-28=":443"; ma=86400, h3-27=":443"; ma=86400, Age=4193, Content-Type=application/json; charset=utf-8, Expect-CT=max-age=604800, report-uri="https://report-uri.cloudflare.com/cdn-cgi/beacon/expect-ct"}
]]></system-out>
  </testcase>
</testsuite>